
2022/09/26 16:48:49 /Users/lei/go/pkg/mod/gorm.io/driver/mysql@v1.3.6/migrator.go:250
[17.519ms] [rows:-] SELECT DATABASE()

2022/09/26 16:48:49 /Users/lei/go/pkg/mod/gorm.io/driver/mysql@v1.3.6/migrator.go:253
[34.599ms] [rows:1] SELECT SCHEMA_NAME from Information_schema.SCHEMATA where SCHEMA_NAME LIKE 'lbemi%' ORDER BY SCHEMA_NAME='lbemi' DESC,SCHEMA_NAME limit 1

2022/09/26 16:48:49 /Users/lei/tmp/lbemi/server/pkg/bootstrap/db.go:69
[35.472ms] [rows:-] SELECT count(*) FROM information_schema.tables WHERE table_schema = 'lbemi' AND table_name = 'menus' AND table_type = 'BASE TABLE'

2022/09/26 16:48:49 /Users/lei/go/pkg/mod/gorm.io/driver/mysql@v1.3.6/migrator.go:250
[14.882ms] [rows:-] SELECT DATABASE()

2022/09/26 16:48:49 /Users/lei/go/pkg/mod/gorm.io/driver/mysql@v1.3.6/migrator.go:253
[35.630ms] [rows:1] SELECT SCHEMA_NAME from Information_schema.SCHEMATA where SCHEMA_NAME LIKE 'lbemi%' ORDER BY SCHEMA_NAME='lbemi' DESC,SCHEMA_NAME limit 1

2022/09/26 16:48:49 /Users/lei/go/pkg/mod/gorm.io/driver/mysql@v1.3.6/migrator.go:163
[16.248ms] [rows:-] SELECT * FROM `menus` LIMIT 1

2022/09/26 16:48:49 /Users/lei/go/pkg/mod/gorm.io/driver/mysql@v1.3.6/migrator.go:181
[38.793ms] [rows:-] SELECT column_name, column_default, is_nullable = 'YES', data_type, character_maximum_length, column_type, column_key, extra, column_comment, numeric_precision, numeric_scale FROM information_schema.columns WHERE table_schema = 'lbemi' AND table_name = 'menus' ORDER BY ORDINAL_POSITION

2022/09/26 16:48:49 /Users/lei/go/pkg/mod/gorm.io/driver/mysql@v1.3.6/migrator.go:250
[15.476ms] [rows:-] SELECT DATABASE()

2022/09/26 16:48:49 /Users/lei/go/pkg/mod/gorm.io/driver/mysql@v1.3.6/migrator.go:253
[35.057ms] [rows:1] SELECT SCHEMA_NAME from Information_schema.SCHEMATA where SCHEMA_NAME LIKE 'lbemi%' ORDER BY SCHEMA_NAME='lbemi' DESC,SCHEMA_NAME limit 1

2022/09/26 16:48:49 /Users/lei/tmp/lbemi/server/pkg/bootstrap/db.go:69
[33.827ms] [rows:-] SELECT count(*) FROM information_schema.tables WHERE table_schema = 'lbemi' AND table_name = 'users' AND table_type = 'BASE TABLE'

2022/09/26 16:48:49 /Users/lei/go/pkg/mod/gorm.io/driver/mysql@v1.3.6/migrator.go:250
[18.042ms] [rows:-] SELECT DATABASE()

2022/09/26 16:48:49 /Users/lei/go/pkg/mod/gorm.io/driver/mysql@v1.3.6/migrator.go:253
[34.959ms] [rows:1] SELECT SCHEMA_NAME from Information_schema.SCHEMATA where SCHEMA_NAME LIKE 'lbemi%' ORDER BY SCHEMA_NAME='lbemi' DESC,SCHEMA_NAME limit 1

2022/09/26 16:48:49 /Users/lei/go/pkg/mod/gorm.io/driver/mysql@v1.3.6/migrator.go:163
[18.257ms] [rows:-] SELECT * FROM `users` LIMIT 1

2022/09/26 16:48:49 /Users/lei/go/pkg/mod/gorm.io/driver/mysql@v1.3.6/migrator.go:181
[38.133ms] [rows:-] SELECT column_name, column_default, is_nullable = 'YES', data_type, character_maximum_length, column_type, column_key, extra, column_comment, numeric_precision, numeric_scale FROM information_schema.columns WHERE table_schema = 'lbemi' AND table_name = 'users' ORDER BY ORDINAL_POSITION

2022/09/26 16:48:49 /Users/lei/go/pkg/mod/gorm.io/driver/mysql@v1.3.6/migrator.go:250
[19.941ms] [rows:-] SELECT DATABASE()

2022/09/26 16:48:49 /Users/lei/go/pkg/mod/gorm.io/driver/mysql@v1.3.6/migrator.go:253
[44.501ms] [rows:1] SELECT SCHEMA_NAME from Information_schema.SCHEMATA where SCHEMA_NAME LIKE 'lbemi%' ORDER BY SCHEMA_NAME='lbemi' DESC,SCHEMA_NAME limit 1

2022/09/26 16:48:49 /Users/lei/tmp/lbemi/server/pkg/bootstrap/db.go:69
[35.863ms] [rows:-] SELECT count(*) FROM information_schema.tables WHERE table_schema = 'lbemi' AND table_name = 'roles' AND table_type = 'BASE TABLE'

2022/09/26 16:48:49 /Users/lei/go/pkg/mod/gorm.io/driver/mysql@v1.3.6/migrator.go:250
[16.048ms] [rows:-] SELECT DATABASE()

2022/09/26 16:48:49 /Users/lei/go/pkg/mod/gorm.io/driver/mysql@v1.3.6/migrator.go:253
[36.102ms] [rows:1] SELECT SCHEMA_NAME from Information_schema.SCHEMATA where SCHEMA_NAME LIKE 'lbemi%' ORDER BY SCHEMA_NAME='lbemi' DESC,SCHEMA_NAME limit 1

2022/09/26 16:48:49 /Users/lei/go/pkg/mod/gorm.io/driver/mysql@v1.3.6/migrator.go:163
[17.268ms] [rows:-] SELECT * FROM `roles` LIMIT 1

2022/09/26 16:48:49 /Users/lei/go/pkg/mod/gorm.io/driver/mysql@v1.3.6/migrator.go:181
[36.616ms] [rows:-] SELECT column_name, column_default, is_nullable = 'YES', data_type, character_maximum_length, column_type, column_key, extra, column_comment, numeric_precision, numeric_scale FROM information_schema.columns WHERE table_schema = 'lbemi' AND table_name = 'roles' ORDER BY ORDINAL_POSITION

2022/09/26 16:48:49 /Users/lei/go/pkg/mod/gorm.io/driver/mysql@v1.3.6/migrator.go:250
[19.227ms] [rows:-] SELECT DATABASE()

2022/09/26 16:48:49 /Users/lei/go/pkg/mod/gorm.io/driver/mysql@v1.3.6/migrator.go:253
[34.484ms] [rows:1] SELECT SCHEMA_NAME from Information_schema.SCHEMATA where SCHEMA_NAME LIKE 'lbemi%' ORDER BY SCHEMA_NAME='lbemi' DESC,SCHEMA_NAME limit 1

2022/09/26 16:48:49 /Users/lei/tmp/lbemi/server/pkg/bootstrap/db.go:69
[43.606ms] [rows:-] SELECT count(*) FROM information_schema.tables WHERE table_schema = 'lbemi' AND table_name = 'role_menus' AND table_type = 'BASE TABLE'

2022/09/26 16:48:49 /Users/lei/go/pkg/mod/gorm.io/driver/mysql@v1.3.6/migrator.go:250
[22.256ms] [rows:-] SELECT DATABASE()

2022/09/26 16:48:49 /Users/lei/go/pkg/mod/gorm.io/driver/mysql@v1.3.6/migrator.go:253
[56.799ms] [rows:1] SELECT SCHEMA_NAME from Information_schema.SCHEMATA where SCHEMA_NAME LIKE 'lbemi%' ORDER BY SCHEMA_NAME='lbemi' DESC,SCHEMA_NAME limit 1

2022/09/26 16:48:49 /Users/lei/go/pkg/mod/gorm.io/driver/mysql@v1.3.6/migrator.go:163
[18.310ms] [rows:-] SELECT * FROM `role_menus` LIMIT 1

2022/09/26 16:48:49 /Users/lei/go/pkg/mod/gorm.io/driver/mysql@v1.3.6/migrator.go:181
[38.259ms] [rows:-] SELECT column_name, column_default, is_nullable = 'YES', data_type, character_maximum_length, column_type, column_key, extra, column_comment, numeric_precision, numeric_scale FROM information_schema.columns WHERE table_schema = 'lbemi' AND table_name = 'role_menus' ORDER BY ORDINAL_POSITION

2022/09/26 16:48:49 /Users/lei/go/pkg/mod/gorm.io/driver/mysql@v1.3.6/migrator.go:250
[17.180ms] [rows:-] SELECT DATABASE()

2022/09/26 16:48:49 /Users/lei/go/pkg/mod/gorm.io/driver/mysql@v1.3.6/migrator.go:253
[37.002ms] [rows:1] SELECT SCHEMA_NAME from Information_schema.SCHEMATA where SCHEMA_NAME LIKE 'lbemi%' ORDER BY SCHEMA_NAME='lbemi' DESC,SCHEMA_NAME limit 1

2022/09/26 16:48:50 /Users/lei/tmp/lbemi/server/pkg/bootstrap/db.go:69
[35.702ms] [rows:-] SELECT count(*) FROM information_schema.tables WHERE table_schema = 'lbemi' AND table_name = 'user_roles' AND table_type = 'BASE TABLE'

2022/09/26 16:48:50 /Users/lei/go/pkg/mod/gorm.io/driver/mysql@v1.3.6/migrator.go:250
[55.182ms] [rows:-] SELECT DATABASE()

2022/09/26 16:48:50 /Users/lei/go/pkg/mod/gorm.io/driver/mysql@v1.3.6/migrator.go:253
[41.288ms] [rows:1] SELECT SCHEMA_NAME from Information_schema.SCHEMATA where SCHEMA_NAME LIKE 'lbemi%' ORDER BY SCHEMA_NAME='lbemi' DESC,SCHEMA_NAME limit 1

2022/09/26 16:48:50 /Users/lei/go/pkg/mod/gorm.io/driver/mysql@v1.3.6/migrator.go:163
[20.531ms] [rows:-] SELECT * FROM `user_roles` LIMIT 1

2022/09/26 16:48:50 /Users/lei/go/pkg/mod/gorm.io/driver/mysql@v1.3.6/migrator.go:181
[37.494ms] [rows:-] SELECT column_name, column_default, is_nullable = 'YES', data_type, character_maximum_length, column_type, column_key, extra, column_comment, numeric_precision, numeric_scale FROM information_schema.columns WHERE table_schema = 'lbemi' AND table_name = 'user_roles' ORDER BY ORDINAL_POSITION

2022/09/26 16:48:50 /Users/lei/go/pkg/mod/gorm.io/driver/mysql@v1.3.6/migrator.go:250
[40.375ms] [rows:-] SELECT DATABASE()

2022/09/26 16:48:50 /Users/lei/go/pkg/mod/gorm.io/driver/mysql@v1.3.6/migrator.go:253
[41.564ms] [rows:1] SELECT SCHEMA_NAME from Information_schema.SCHEMATA where SCHEMA_NAME LIKE 'lbemi%' ORDER BY SCHEMA_NAME='lbemi' DESC,SCHEMA_NAME limit 1

2022/09/26 16:48:50 /Users/lei/go/pkg/mod/github.com/casbin/gorm-adapter/v3@v3.10.0/adapter.go:392
[46.714ms] [rows:-] SELECT count(*) FROM information_schema.tables WHERE table_schema = 'lbemi' AND table_name = 'casbin_rule' AND table_type = 'BASE TABLE'

2022/09/26 16:48:50 /Users/lei/go/pkg/mod/gorm.io/driver/mysql@v1.3.6/migrator.go:250
[15.911ms] [rows:-] SELECT DATABASE()

2022/09/26 16:48:50 /Users/lei/go/pkg/mod/gorm.io/driver/mysql@v1.3.6/migrator.go:253
[49.816ms] [rows:1] SELECT SCHEMA_NAME from Information_schema.SCHEMATA where SCHEMA_NAME LIKE 'lbemi%' ORDER BY SCHEMA_NAME='lbemi' DESC,SCHEMA_NAME limit 1

2022/09/26 16:48:50 /Users/lei/go/pkg/mod/gorm.io/driver/mysql@v1.3.6/migrator.go:163
[18.343ms] [rows:-] SELECT * FROM `casbin_rule` LIMIT 1

2022/09/26 16:48:50 /Users/lei/go/pkg/mod/gorm.io/driver/mysql@v1.3.6/migrator.go:181
[44.875ms] [rows:-] SELECT column_name, column_default, is_nullable = 'YES', data_type, character_maximum_length, column_type, column_key, extra, column_comment, numeric_precision, numeric_scale FROM information_schema.columns WHERE table_schema = 'lbemi' AND table_name = 'casbin_rule' ORDER BY ORDINAL_POSITION

2022/09/26 16:48:50 /Users/lei/go/pkg/mod/github.com/casbin/gorm-adapter/v3@v3.10.0/adapter.go:445
[28.547ms] [rows:0] SELECT * FROM `casbin_rule` ORDER BY ID

2022/09/26 16:48:50 /Users/lei/go/pkg/mod/github.com/casbin/gorm-adapter/v3@v3.10.0/adapter.go:445
[17.193ms] [rows:0] SELECT * FROM `casbin_rule` ORDER BY ID

2022/09/26 17:41:11 /Users/lei/go/pkg/mod/gorm.io/driver/mysql@v1.3.6/migrator.go:250
[14.937ms] [rows:-] SELECT DATABASE()

2022/09/26 17:41:11 /Users/lei/go/pkg/mod/gorm.io/driver/mysql@v1.3.6/migrator.go:253
[43.868ms] [rows:1] SELECT SCHEMA_NAME from Information_schema.SCHEMATA where SCHEMA_NAME LIKE 'lbemi%' ORDER BY SCHEMA_NAME='lbemi' DESC,SCHEMA_NAME limit 1

2022/09/26 17:41:11 /Users/lei/tmp/lbemi/server/pkg/bootstrap/db.go:69
[31.094ms] [rows:-] SELECT count(*) FROM information_schema.tables WHERE table_schema = 'lbemi' AND table_name = 'menus' AND table_type = 'BASE TABLE'

2022/09/26 17:41:11 /Users/lei/tmp/lbemi/server/pkg/bootstrap/db.go:69
[118.844ms] [rows:0] CREATE TABLE `menus` (`id` bigint AUTO_INCREMENT,`created_at` datetime NOT NULL,`updated_at` datetime NOT NULL,`status` tinyint(1) NOT NULL COMMENT '状态(1:启用 2:不启用)',`memo` varchar(128) COMMENT '备注',`parent_id` bigint NOT NULL COMMENT '父级ID',`url` varchar(128) COMMENT '菜单URL',`name` varchar(128) NOT NULL COMMENT '菜单名称',`sequence` bigint NOT NULL COMMENT '排序值',`menu_type` tinyint(1) NOT NULL COMMENT '菜单类型(1 左侧菜单,2 按钮, 3 非展示权限)',`icon` varchar(32) COMMENT 'icon图标',`method` varchar(32) NOT NULL DEFAULT 'none' COMMENT '操作类型 none/GET/POST/PUT/DELETE',PRIMARY KEY (`id`))

2022/09/26 17:41:11 /Users/lei/go/pkg/mod/gorm.io/driver/mysql@v1.3.6/migrator.go:250
[16.686ms] [rows:-] SELECT DATABASE()

2022/09/26 17:41:11 /Users/lei/go/pkg/mod/gorm.io/driver/mysql@v1.3.6/migrator.go:253
[32.065ms] [rows:1] SELECT SCHEMA_NAME from Information_schema.SCHEMATA where SCHEMA_NAME LIKE 'lbemi%' ORDER BY SCHEMA_NAME='lbemi' DESC,SCHEMA_NAME limit 1

2022/09/26 17:41:11 /Users/lei/tmp/lbemi/server/pkg/bootstrap/db.go:69
[32.019ms] [rows:-] SELECT count(*) FROM information_schema.tables WHERE table_schema = 'lbemi' AND table_name = 'users' AND table_type = 'BASE TABLE'

2022/09/26 17:41:11 /Users/lei/tmp/lbemi/server/pkg/bootstrap/db.go:69
[68.807ms] [rows:0] CREATE TABLE `users` (`id` bigint AUTO_INCREMENT,`created_at` datetime NOT NULL,`updated_at` datetime NOT NULL,`user_name` varchar(32) NOT NULL,`real_name` varchar(32),`password` char(128) NOT NULL,`email` varchar(64),`mobile` char(20),`status` tinyint(1) NOT NULL DEFAULT 1,PRIMARY KEY (`id`))

2022/09/26 17:41:11 /Users/lei/go/pkg/mod/gorm.io/driver/mysql@v1.3.6/migrator.go:250
[14.865ms] [rows:-] SELECT DATABASE()

2022/09/26 17:41:11 /Users/lei/go/pkg/mod/gorm.io/driver/mysql@v1.3.6/migrator.go:253
[31.073ms] [rows:1] SELECT SCHEMA_NAME from Information_schema.SCHEMATA where SCHEMA_NAME LIKE 'lbemi%' ORDER BY SCHEMA_NAME='lbemi' DESC,SCHEMA_NAME limit 1

2022/09/26 17:41:11 /Users/lei/tmp/lbemi/server/pkg/bootstrap/db.go:69
[36.802ms] [rows:-] SELECT count(*) FROM information_schema.tables WHERE table_schema = 'lbemi' AND table_name = 'roles' AND table_type = 'BASE TABLE'

2022/09/26 17:41:11 /Users/lei/tmp/lbemi/server/pkg/bootstrap/db.go:69
[87.743ms] [rows:0] CREATE TABLE `roles` (`id` bigint AUTO_INCREMENT,`created_at` datetime NOT NULL,`updated_at` datetime NOT NULL,`memo` varchar(128) COMMENT '备注',`name` varchar(128) NOT NULL COMMENT '名称',`sequence` bigint NOT NULL COMMENT '排序值',`parent_id` bigint NOT NULL COMMENT '父级ID',`status` tinyint COMMENT '状态：0 表示禁用，1 表示启用',PRIMARY KEY (`id`))

2022/09/26 17:41:11 /Users/lei/go/pkg/mod/gorm.io/driver/mysql@v1.3.6/migrator.go:250
[15.002ms] [rows:-] SELECT DATABASE()

2022/09/26 17:41:11 /Users/lei/go/pkg/mod/gorm.io/driver/mysql@v1.3.6/migrator.go:253
[33.643ms] [rows:1] SELECT SCHEMA_NAME from Information_schema.SCHEMATA where SCHEMA_NAME LIKE 'lbemi%' ORDER BY SCHEMA_NAME='lbemi' DESC,SCHEMA_NAME limit 1

2022/09/26 17:41:11 /Users/lei/tmp/lbemi/server/pkg/bootstrap/db.go:69
[32.904ms] [rows:-] SELECT count(*) FROM information_schema.tables WHERE table_schema = 'lbemi' AND table_name = 'role_menus' AND table_type = 'BASE TABLE'

2022/09/26 17:41:12 /Users/lei/tmp/lbemi/server/pkg/bootstrap/db.go:69
[110.738ms] [rows:0] CREATE TABLE `role_menus` (`id` bigint AUTO_INCREMENT,`created_at` datetime NOT NULL,`updated_at` datetime NOT NULL,`role_id` bigint NOT NULL COMMENT '角色ID',`menu_id` bigint NOT NULL COMMENT '菜单ID',PRIMARY KEY (`id`))

2022/09/26 17:41:12 /Users/lei/go/pkg/mod/gorm.io/driver/mysql@v1.3.6/migrator.go:250
[15.183ms] [rows:-] SELECT DATABASE()

2022/09/26 17:41:12 /Users/lei/go/pkg/mod/gorm.io/driver/mysql@v1.3.6/migrator.go:253
[43.447ms] [rows:1] SELECT SCHEMA_NAME from Information_schema.SCHEMATA where SCHEMA_NAME LIKE 'lbemi%' ORDER BY SCHEMA_NAME='lbemi' DESC,SCHEMA_NAME limit 1

2022/09/26 17:41:12 /Users/lei/tmp/lbemi/server/pkg/bootstrap/db.go:69
[57.142ms] [rows:-] SELECT count(*) FROM information_schema.tables WHERE table_schema = 'lbemi' AND table_name = 'user_roles' AND table_type = 'BASE TABLE'

2022/09/26 17:41:12 /Users/lei/tmp/lbemi/server/pkg/bootstrap/db.go:69
[76.997ms] [rows:0] CREATE TABLE `user_roles` (`id` bigint AUTO_INCREMENT,`created_at` datetime NOT NULL,`updated_at` datetime NOT NULL,`user_id` bigint NOT NULL COMMENT '管理员ID',`role_id` bigint NOT NULL COMMENT '角色ID',PRIMARY KEY (`id`))

2022/09/26 17:41:12 /Users/lei/go/pkg/mod/gorm.io/driver/mysql@v1.3.6/migrator.go:250
[15.023ms] [rows:-] SELECT DATABASE()

2022/09/26 17:41:12 /Users/lei/go/pkg/mod/gorm.io/driver/mysql@v1.3.6/migrator.go:253
[39.991ms] [rows:1] SELECT SCHEMA_NAME from Information_schema.SCHEMATA where SCHEMA_NAME LIKE 'lbemi%' ORDER BY SCHEMA_NAME='lbemi' DESC,SCHEMA_NAME limit 1

2022/09/26 17:41:12 /Users/lei/go/pkg/mod/github.com/casbin/gorm-adapter/v3@v3.10.0/adapter.go:392
[37.209ms] [rows:-] SELECT count(*) FROM information_schema.tables WHERE table_schema = 'lbemi' AND table_name = 'casbin_rule' AND table_type = 'BASE TABLE'

2022/09/26 17:41:12 /Users/lei/go/pkg/mod/github.com/casbin/gorm-adapter/v3@v3.10.0/adapter.go:392
[102.636ms] [rows:0] CREATE TABLE `casbin_rule` (`id` bigint unsigned AUTO_INCREMENT,`ptype` varchar(100),`v0` varchar(100),`v1` varchar(100),`v2` varchar(100),PRIMARY KEY (`id`))

2022/09/26 17:41:12 /Users/lei/go/pkg/mod/github.com/casbin/gorm-adapter/v3@v3.10.0/adapter.go:445
[19.045ms] [rows:0] SELECT * FROM `casbin_rule` ORDER BY ID

2022/09/26 17:41:12 /Users/lei/go/pkg/mod/github.com/casbin/gorm-adapter/v3@v3.10.0/adapter.go:445
[18.889ms] [rows:0] SELECT * FROM `casbin_rule` ORDER BY ID

2022/09/26 17:43:23 /Users/lei/go/pkg/mod/gorm.io/driver/mysql@v1.3.6/migrator.go:250
[11.122ms] [rows:-] SELECT DATABASE()

2022/09/26 17:43:23 /Users/lei/go/pkg/mod/gorm.io/driver/mysql@v1.3.6/migrator.go:253
[24.592ms] [rows:1] SELECT SCHEMA_NAME from Information_schema.SCHEMATA where SCHEMA_NAME LIKE 'lbemi%' ORDER BY SCHEMA_NAME='lbemi' DESC,SCHEMA_NAME limit 1

2022/09/26 17:43:23 /Users/lei/tmp/lbemi/server/pkg/bootstrap/db.go:69
[27.626ms] [rows:-] SELECT count(*) FROM information_schema.tables WHERE table_schema = 'lbemi' AND table_name = 'menus' AND table_type = 'BASE TABLE'

2022/09/26 17:43:23 /Users/lei/go/pkg/mod/gorm.io/driver/mysql@v1.3.6/migrator.go:250
[12.295ms] [rows:-] SELECT DATABASE()

2022/09/26 17:43:23 /Users/lei/go/pkg/mod/gorm.io/driver/mysql@v1.3.6/migrator.go:253
[27.359ms] [rows:1] SELECT SCHEMA_NAME from Information_schema.SCHEMATA where SCHEMA_NAME LIKE 'lbemi%' ORDER BY SCHEMA_NAME='lbemi' DESC,SCHEMA_NAME limit 1

2022/09/26 17:43:23 /Users/lei/go/pkg/mod/gorm.io/driver/mysql@v1.3.6/migrator.go:163
[17.135ms] [rows:-] SELECT * FROM `menus` LIMIT 1

2022/09/26 17:43:23 /Users/lei/go/pkg/mod/gorm.io/driver/mysql@v1.3.6/migrator.go:181
[29.012ms] [rows:-] SELECT column_name, column_default, is_nullable = 'YES', data_type, character_maximum_length, column_type, column_key, extra, column_comment, numeric_precision, numeric_scale FROM information_schema.columns WHERE table_schema = 'lbemi' AND table_name = 'menus' ORDER BY ORDINAL_POSITION

2022/09/26 17:43:23 /Users/lei/go/pkg/mod/gorm.io/driver/mysql@v1.3.6/migrator.go:250
[12.449ms] [rows:-] SELECT DATABASE()

2022/09/26 17:43:23 /Users/lei/go/pkg/mod/gorm.io/driver/mysql@v1.3.6/migrator.go:253
[25.835ms] [rows:1] SELECT SCHEMA_NAME from Information_schema.SCHEMATA where SCHEMA_NAME LIKE 'lbemi%' ORDER BY SCHEMA_NAME='lbemi' DESC,SCHEMA_NAME limit 1

2022/09/26 17:43:23 /Users/lei/tmp/lbemi/server/pkg/bootstrap/db.go:69
[29.212ms] [rows:-] SELECT count(*) FROM information_schema.tables WHERE table_schema = 'lbemi' AND table_name = 'users' AND table_type = 'BASE TABLE'

2022/09/26 17:43:23 /Users/lei/go/pkg/mod/gorm.io/driver/mysql@v1.3.6/migrator.go:250
[14.191ms] [rows:-] SELECT DATABASE()

2022/09/26 17:43:23 /Users/lei/go/pkg/mod/gorm.io/driver/mysql@v1.3.6/migrator.go:253
[28.269ms] [rows:1] SELECT SCHEMA_NAME from Information_schema.SCHEMATA where SCHEMA_NAME LIKE 'lbemi%' ORDER BY SCHEMA_NAME='lbemi' DESC,SCHEMA_NAME limit 1

2022/09/26 17:43:23 /Users/lei/go/pkg/mod/gorm.io/driver/mysql@v1.3.6/migrator.go:163
[14.651ms] [rows:-] SELECT * FROM `users` LIMIT 1

2022/09/26 17:43:23 /Users/lei/go/pkg/mod/gorm.io/driver/mysql@v1.3.6/migrator.go:181
[28.672ms] [rows:-] SELECT column_name, column_default, is_nullable = 'YES', data_type, character_maximum_length, column_type, column_key, extra, column_comment, numeric_precision, numeric_scale FROM information_schema.columns WHERE table_schema = 'lbemi' AND table_name = 'users' ORDER BY ORDINAL_POSITION

2022/09/26 17:43:24 /Users/lei/go/pkg/mod/gorm.io/driver/mysql@v1.3.6/migrator.go:250
[12.706ms] [rows:-] SELECT DATABASE()

2022/09/26 17:43:24 /Users/lei/go/pkg/mod/gorm.io/driver/mysql@v1.3.6/migrator.go:253
[27.353ms] [rows:1] SELECT SCHEMA_NAME from Information_schema.SCHEMATA where SCHEMA_NAME LIKE 'lbemi%' ORDER BY SCHEMA_NAME='lbemi' DESC,SCHEMA_NAME limit 1

2022/09/26 17:43:24 /Users/lei/tmp/lbemi/server/pkg/bootstrap/db.go:69
[28.005ms] [rows:-] SELECT count(*) FROM information_schema.tables WHERE table_schema = 'lbemi' AND table_name = 'roles' AND table_type = 'BASE TABLE'

2022/09/26 17:43:24 /Users/lei/tmp/lbemi/server/pkg/bootstrap/db.go:69
[87.110ms] [rows:0] CREATE TABLE `roles` (`id` bigint AUTO_INCREMENT,`created_at` datetime NOT NULL,`updated_at` datetime NOT NULL,`memo` varchar(128) COMMENT '备注',`name` varchar(128) NOT NULL COMMENT '名称',`sequence` bigint NOT NULL COMMENT '排序值',`parent_id` bigint NOT NULL COMMENT '父级ID',`status` tinyint COMMENT '状态：0 表示禁用，1 表示启用',PRIMARY KEY (`id`))

2022/09/26 17:43:24 /Users/lei/go/pkg/mod/gorm.io/driver/mysql@v1.3.6/migrator.go:250
[12.642ms] [rows:-] SELECT DATABASE()

2022/09/26 17:43:24 /Users/lei/go/pkg/mod/gorm.io/driver/mysql@v1.3.6/migrator.go:253
[25.001ms] [rows:1] SELECT SCHEMA_NAME from Information_schema.SCHEMATA where SCHEMA_NAME LIKE 'lbemi%' ORDER BY SCHEMA_NAME='lbemi' DESC,SCHEMA_NAME limit 1

2022/09/26 17:43:24 /Users/lei/tmp/lbemi/server/pkg/bootstrap/db.go:69
[25.537ms] [rows:-] SELECT count(*) FROM information_schema.tables WHERE table_schema = 'lbemi' AND table_name = 'role_menus' AND table_type = 'BASE TABLE'

2022/09/26 17:43:24 /Users/lei/go/pkg/mod/gorm.io/driver/mysql@v1.3.6/migrator.go:250
[13.188ms] [rows:-] SELECT DATABASE()

2022/09/26 17:43:24 /Users/lei/go/pkg/mod/gorm.io/driver/mysql@v1.3.6/migrator.go:253
[25.559ms] [rows:1] SELECT SCHEMA_NAME from Information_schema.SCHEMATA where SCHEMA_NAME LIKE 'lbemi%' ORDER BY SCHEMA_NAME='lbemi' DESC,SCHEMA_NAME limit 1

2022/09/26 17:43:24 /Users/lei/go/pkg/mod/gorm.io/driver/mysql@v1.3.6/migrator.go:163
[13.607ms] [rows:-] SELECT * FROM `role_menus` LIMIT 1

2022/09/26 17:43:24 /Users/lei/go/pkg/mod/gorm.io/driver/mysql@v1.3.6/migrator.go:181
[24.265ms] [rows:-] SELECT column_name, column_default, is_nullable = 'YES', data_type, character_maximum_length, column_type, column_key, extra, column_comment, numeric_precision, numeric_scale FROM information_schema.columns WHERE table_schema = 'lbemi' AND table_name = 'role_menus' ORDER BY ORDINAL_POSITION

2022/09/26 17:43:24 /Users/lei/go/pkg/mod/gorm.io/driver/mysql@v1.3.6/migrator.go:250
[13.186ms] [rows:-] SELECT DATABASE()

2022/09/26 17:43:24 /Users/lei/go/pkg/mod/gorm.io/driver/mysql@v1.3.6/migrator.go:253
[27.246ms] [rows:1] SELECT SCHEMA_NAME from Information_schema.SCHEMATA where SCHEMA_NAME LIKE 'lbemi%' ORDER BY SCHEMA_NAME='lbemi' DESC,SCHEMA_NAME limit 1

2022/09/26 17:43:24 /Users/lei/tmp/lbemi/server/pkg/bootstrap/db.go:69
[74.698ms] [rows:-] SELECT count(*) FROM information_schema.tables WHERE table_schema = 'lbemi' AND table_name = 'user_roles' AND table_type = 'BASE TABLE'

2022/09/26 17:43:24 /Users/lei/go/pkg/mod/gorm.io/driver/mysql@v1.3.6/migrator.go:250
[13.752ms] [rows:-] SELECT DATABASE()

2022/09/26 17:43:24 /Users/lei/go/pkg/mod/gorm.io/driver/mysql@v1.3.6/migrator.go:253
[26.937ms] [rows:1] SELECT SCHEMA_NAME from Information_schema.SCHEMATA where SCHEMA_NAME LIKE 'lbemi%' ORDER BY SCHEMA_NAME='lbemi' DESC,SCHEMA_NAME limit 1

2022/09/26 17:43:24 /Users/lei/go/pkg/mod/gorm.io/driver/mysql@v1.3.6/migrator.go:163
[12.701ms] [rows:-] SELECT * FROM `user_roles` LIMIT 1

2022/09/26 17:43:24 /Users/lei/go/pkg/mod/gorm.io/driver/mysql@v1.3.6/migrator.go:181
[27.275ms] [rows:-] SELECT column_name, column_default, is_nullable = 'YES', data_type, character_maximum_length, column_type, column_key, extra, column_comment, numeric_precision, numeric_scale FROM information_schema.columns WHERE table_schema = 'lbemi' AND table_name = 'user_roles' ORDER BY ORDINAL_POSITION

2022/09/26 17:43:24 /Users/lei/go/pkg/mod/gorm.io/driver/mysql@v1.3.6/migrator.go:250
[11.983ms] [rows:-] SELECT DATABASE()

2022/09/26 17:43:24 /Users/lei/go/pkg/mod/gorm.io/driver/mysql@v1.3.6/migrator.go:253
[27.354ms] [rows:1] SELECT SCHEMA_NAME from Information_schema.SCHEMATA where SCHEMA_NAME LIKE 'lbemi%' ORDER BY SCHEMA_NAME='lbemi' DESC,SCHEMA_NAME limit 1

2022/09/26 17:43:24 /Users/lei/go/pkg/mod/github.com/casbin/gorm-adapter/v3@v3.10.0/adapter.go:392
[26.969ms] [rows:-] SELECT count(*) FROM information_schema.tables WHERE table_schema = 'lbemi' AND table_name = 'casbin_rule' AND table_type = 'BASE TABLE'

2022/09/26 17:43:24 /Users/lei/go/pkg/mod/gorm.io/driver/mysql@v1.3.6/migrator.go:250
[13.552ms] [rows:-] SELECT DATABASE()

2022/09/26 17:43:24 /Users/lei/go/pkg/mod/gorm.io/driver/mysql@v1.3.6/migrator.go:253
[31.671ms] [rows:1] SELECT SCHEMA_NAME from Information_schema.SCHEMATA where SCHEMA_NAME LIKE 'lbemi%' ORDER BY SCHEMA_NAME='lbemi' DESC,SCHEMA_NAME limit 1

2022/09/26 17:43:24 /Users/lei/go/pkg/mod/gorm.io/driver/mysql@v1.3.6/migrator.go:163
[12.685ms] [rows:-] SELECT * FROM `casbin_rule` LIMIT 1

2022/09/26 17:43:24 /Users/lei/go/pkg/mod/gorm.io/driver/mysql@v1.3.6/migrator.go:181
[28.812ms] [rows:-] SELECT column_name, column_default, is_nullable = 'YES', data_type, character_maximum_length, column_type, column_key, extra, column_comment, numeric_precision, numeric_scale FROM information_schema.columns WHERE table_schema = 'lbemi' AND table_name = 'casbin_rule' ORDER BY ORDINAL_POSITION

2022/09/26 17:43:24 /Users/lei/go/pkg/mod/github.com/casbin/gorm-adapter/v3@v3.10.0/adapter.go:445
[12.071ms] [rows:0] SELECT * FROM `casbin_rule` ORDER BY ID

2022/09/26 17:43:24 /Users/lei/go/pkg/mod/github.com/casbin/gorm-adapter/v3@v3.10.0/adapter.go:445
[13.079ms] [rows:0] SELECT * FROM `casbin_rule` ORDER BY ID

2022/09/26 17:47:12 /Users/lei/go/pkg/mod/gorm.io/driver/mysql@v1.3.6/migrator.go:250
[13.213ms] [rows:-] SELECT DATABASE()

2022/09/26 17:47:12 /Users/lei/go/pkg/mod/gorm.io/driver/mysql@v1.3.6/migrator.go:253
[31.564ms] [rows:1] SELECT SCHEMA_NAME from Information_schema.SCHEMATA where SCHEMA_NAME LIKE 'lbemi%' ORDER BY SCHEMA_NAME='lbemi' DESC,SCHEMA_NAME limit 1

2022/09/26 17:47:12 /Users/lei/tmp/lbemi/server/pkg/bootstrap/db.go:69
[28.853ms] [rows:-] SELECT count(*) FROM information_schema.tables WHERE table_schema = 'lbemi' AND table_name = 'menus' AND table_type = 'BASE TABLE'

2022/09/26 17:47:12 /Users/lei/go/pkg/mod/gorm.io/driver/mysql@v1.3.6/migrator.go:250
[13.384ms] [rows:-] SELECT DATABASE()

2022/09/26 17:47:12 /Users/lei/go/pkg/mod/gorm.io/driver/mysql@v1.3.6/migrator.go:253
[29.339ms] [rows:1] SELECT SCHEMA_NAME from Information_schema.SCHEMATA where SCHEMA_NAME LIKE 'lbemi%' ORDER BY SCHEMA_NAME='lbemi' DESC,SCHEMA_NAME limit 1

2022/09/26 17:47:12 /Users/lei/go/pkg/mod/gorm.io/driver/mysql@v1.3.6/migrator.go:163
[14.018ms] [rows:-] SELECT * FROM `menus` LIMIT 1

2022/09/26 17:47:13 /Users/lei/go/pkg/mod/gorm.io/driver/mysql@v1.3.6/migrator.go:181
[115.948ms] [rows:-] SELECT column_name, column_default, is_nullable = 'YES', data_type, character_maximum_length, column_type, column_key, extra, column_comment, numeric_precision, numeric_scale FROM information_schema.columns WHERE table_schema = 'lbemi' AND table_name = 'menus' ORDER BY ORDINAL_POSITION

2022/09/26 17:47:13 /Users/lei/go/pkg/mod/gorm.io/driver/mysql@v1.3.6/migrator.go:250
[11.984ms] [rows:-] SELECT DATABASE()

2022/09/26 17:47:13 /Users/lei/go/pkg/mod/gorm.io/driver/mysql@v1.3.6/migrator.go:253
[26.454ms] [rows:1] SELECT SCHEMA_NAME from Information_schema.SCHEMATA where SCHEMA_NAME LIKE 'lbemi%' ORDER BY SCHEMA_NAME='lbemi' DESC,SCHEMA_NAME limit 1

2022/09/26 17:47:13 /Users/lei/tmp/lbemi/server/pkg/bootstrap/db.go:69
[27.789ms] [rows:-] SELECT count(*) FROM information_schema.tables WHERE table_schema = 'lbemi' AND table_name = 'users' AND table_type = 'BASE TABLE'

2022/09/26 17:47:13 /Users/lei/go/pkg/mod/gorm.io/driver/mysql@v1.3.6/migrator.go:250
[14.318ms] [rows:-] SELECT DATABASE()

2022/09/26 17:47:13 /Users/lei/go/pkg/mod/gorm.io/driver/mysql@v1.3.6/migrator.go:253
[27.332ms] [rows:1] SELECT SCHEMA_NAME from Information_schema.SCHEMATA where SCHEMA_NAME LIKE 'lbemi%' ORDER BY SCHEMA_NAME='lbemi' DESC,SCHEMA_NAME limit 1

2022/09/26 17:47:13 /Users/lei/go/pkg/mod/gorm.io/driver/mysql@v1.3.6/migrator.go:163
[14.724ms] [rows:-] SELECT * FROM `users` LIMIT 1

2022/09/26 17:47:13 /Users/lei/go/pkg/mod/gorm.io/driver/mysql@v1.3.6/migrator.go:181
[27.879ms] [rows:-] SELECT column_name, column_default, is_nullable = 'YES', data_type, character_maximum_length, column_type, column_key, extra, column_comment, numeric_precision, numeric_scale FROM information_schema.columns WHERE table_schema = 'lbemi' AND table_name = 'users' ORDER BY ORDINAL_POSITION

2022/09/26 17:47:13 /Users/lei/go/pkg/mod/gorm.io/driver/mysql@v1.3.6/migrator.go:250
[14.546ms] [rows:-] SELECT DATABASE()

2022/09/26 17:47:13 /Users/lei/go/pkg/mod/gorm.io/driver/mysql@v1.3.6/migrator.go:253
[29.513ms] [rows:1] SELECT SCHEMA_NAME from Information_schema.SCHEMATA where SCHEMA_NAME LIKE 'lbemi%' ORDER BY SCHEMA_NAME='lbemi' DESC,SCHEMA_NAME limit 1

2022/09/26 17:47:13 /Users/lei/tmp/lbemi/server/pkg/bootstrap/db.go:69
[26.503ms] [rows:-] SELECT count(*) FROM information_schema.tables WHERE table_schema = 'lbemi' AND table_name = 'roles' AND table_type = 'BASE TABLE'

2022/09/26 17:47:13 /Users/lei/tmp/lbemi/server/pkg/bootstrap/db.go:69
[75.891ms] [rows:0] CREATE TABLE `roles` (`id` bigint AUTO_INCREMENT,`created_at` datetime NOT NULL,`updated_at` datetime NOT NULL,`memo` varchar(128) COMMENT '备注',`name` varchar(128) NOT NULL COMMENT '名称',`sequence` bigint NOT NULL COMMENT '排序值',`parent_id` bigint NOT NULL COMMENT '父级ID',`status` tinyint COMMENT '状态：0 表示禁用，1 表示启用',PRIMARY KEY (`id`))

2022/09/26 17:47:13 /Users/lei/go/pkg/mod/gorm.io/driver/mysql@v1.3.6/migrator.go:250
[13.557ms] [rows:-] SELECT DATABASE()

2022/09/26 17:47:13 /Users/lei/go/pkg/mod/gorm.io/driver/mysql@v1.3.6/migrator.go:253
[48.648ms] [rows:1] SELECT SCHEMA_NAME from Information_schema.SCHEMATA where SCHEMA_NAME LIKE 'lbemi%' ORDER BY SCHEMA_NAME='lbemi' DESC,SCHEMA_NAME limit 1

2022/09/26 17:47:13 /Users/lei/tmp/lbemi/server/pkg/bootstrap/db.go:69
[25.350ms] [rows:-] SELECT count(*) FROM information_schema.tables WHERE table_schema = 'lbemi' AND table_name = 'role_menus' AND table_type = 'BASE TABLE'

2022/09/26 17:47:13 /Users/lei/go/pkg/mod/gorm.io/driver/mysql@v1.3.6/migrator.go:250
[12.800ms] [rows:-] SELECT DATABASE()

2022/09/26 17:47:13 /Users/lei/go/pkg/mod/gorm.io/driver/mysql@v1.3.6/migrator.go:253 SLOW SQL >= 200ms
[243.567ms] [rows:1] SELECT SCHEMA_NAME from Information_schema.SCHEMATA where SCHEMA_NAME LIKE 'lbemi%' ORDER BY SCHEMA_NAME='lbemi' DESC,SCHEMA_NAME limit 1

2022/09/26 17:47:13 /Users/lei/go/pkg/mod/gorm.io/driver/mysql@v1.3.6/migrator.go:163
[12.690ms] [rows:-] SELECT * FROM `role_menus` LIMIT 1

2022/09/26 17:47:13 /Users/lei/go/pkg/mod/gorm.io/driver/mysql@v1.3.6/migrator.go:181
[29.864ms] [rows:-] SELECT column_name, column_default, is_nullable = 'YES', data_type, character_maximum_length, column_type, column_key, extra, column_comment, numeric_precision, numeric_scale FROM information_schema.columns WHERE table_schema = 'lbemi' AND table_name = 'role_menus' ORDER BY ORDINAL_POSITION

2022/09/26 17:47:13 /Users/lei/go/pkg/mod/gorm.io/driver/mysql@v1.3.6/migrator.go:250
[12.117ms] [rows:-] SELECT DATABASE()

2022/09/26 17:47:13 /Users/lei/go/pkg/mod/gorm.io/driver/mysql@v1.3.6/migrator.go:253
[31.507ms] [rows:1] SELECT SCHEMA_NAME from Information_schema.SCHEMATA where SCHEMA_NAME LIKE 'lbemi%' ORDER BY SCHEMA_NAME='lbemi' DESC,SCHEMA_NAME limit 1

2022/09/26 17:47:13 /Users/lei/tmp/lbemi/server/pkg/bootstrap/db.go:69
[30.205ms] [rows:-] SELECT count(*) FROM information_schema.tables WHERE table_schema = 'lbemi' AND table_name = 'user_roles' AND table_type = 'BASE TABLE'

2022/09/26 17:47:13 /Users/lei/go/pkg/mod/gorm.io/driver/mysql@v1.3.6/migrator.go:250
[37.426ms] [rows:-] SELECT DATABASE()

2022/09/26 17:47:13 /Users/lei/go/pkg/mod/gorm.io/driver/mysql@v1.3.6/migrator.go:253
[28.754ms] [rows:1] SELECT SCHEMA_NAME from Information_schema.SCHEMATA where SCHEMA_NAME LIKE 'lbemi%' ORDER BY SCHEMA_NAME='lbemi' DESC,SCHEMA_NAME limit 1

2022/09/26 17:47:13 /Users/lei/go/pkg/mod/gorm.io/driver/mysql@v1.3.6/migrator.go:163
[15.324ms] [rows:-] SELECT * FROM `user_roles` LIMIT 1

2022/09/26 17:47:13 /Users/lei/go/pkg/mod/gorm.io/driver/mysql@v1.3.6/migrator.go:181
[29.575ms] [rows:-] SELECT column_name, column_default, is_nullable = 'YES', data_type, character_maximum_length, column_type, column_key, extra, column_comment, numeric_precision, numeric_scale FROM information_schema.columns WHERE table_schema = 'lbemi' AND table_name = 'user_roles' ORDER BY ORDINAL_POSITION

2022/09/26 17:47:13 /Users/lei/go/pkg/mod/gorm.io/driver/mysql@v1.3.6/migrator.go:250
[12.593ms] [rows:-] SELECT DATABASE()

2022/09/26 17:47:13 /Users/lei/go/pkg/mod/gorm.io/driver/mysql@v1.3.6/migrator.go:253
[27.923ms] [rows:1] SELECT SCHEMA_NAME from Information_schema.SCHEMATA where SCHEMA_NAME LIKE 'lbemi%' ORDER BY SCHEMA_NAME='lbemi' DESC,SCHEMA_NAME limit 1

2022/09/26 17:47:14 /Users/lei/go/pkg/mod/github.com/casbin/gorm-adapter/v3@v3.10.0/adapter.go:392
[116.750ms] [rows:-] SELECT count(*) FROM information_schema.tables WHERE table_schema = 'lbemi' AND table_name = 'casbin_rule' AND table_type = 'BASE TABLE'

2022/09/26 17:47:14 /Users/lei/go/pkg/mod/gorm.io/driver/mysql@v1.3.6/migrator.go:250
[13.075ms] [rows:-] SELECT DATABASE()

2022/09/26 17:47:14 /Users/lei/go/pkg/mod/gorm.io/driver/mysql@v1.3.6/migrator.go:253
[26.201ms] [rows:1] SELECT SCHEMA_NAME from Information_schema.SCHEMATA where SCHEMA_NAME LIKE 'lbemi%' ORDER BY SCHEMA_NAME='lbemi' DESC,SCHEMA_NAME limit 1

2022/09/26 17:47:14 /Users/lei/go/pkg/mod/gorm.io/driver/mysql@v1.3.6/migrator.go:163
[13.472ms] [rows:-] SELECT * FROM `casbin_rule` LIMIT 1

2022/09/26 17:47:14 /Users/lei/go/pkg/mod/gorm.io/driver/mysql@v1.3.6/migrator.go:181
[52.077ms] [rows:-] SELECT column_name, column_default, is_nullable = 'YES', data_type, character_maximum_length, column_type, column_key, extra, column_comment, numeric_precision, numeric_scale FROM information_schema.columns WHERE table_schema = 'lbemi' AND table_name = 'casbin_rule' ORDER BY ORDINAL_POSITION

2022/09/26 17:47:14 /Users/lei/go/pkg/mod/github.com/casbin/gorm-adapter/v3@v3.10.0/adapter.go:445
[13.023ms] [rows:0] SELECT * FROM `casbin_rule` ORDER BY ID

2022/09/26 17:47:14 /Users/lei/go/pkg/mod/github.com/casbin/gorm-adapter/v3@v3.10.0/adapter.go:445
[14.314ms] [rows:0] SELECT * FROM `casbin_rule` ORDER BY ID

2022/09/26 17:49:21 /Users/lei/go/pkg/mod/gorm.io/driver/mysql@v1.3.6/migrator.go:250
[18.184ms] [rows:-] SELECT DATABASE()

2022/09/26 17:49:21 /Users/lei/go/pkg/mod/gorm.io/driver/mysql@v1.3.6/migrator.go:253
[38.093ms] [rows:1] SELECT SCHEMA_NAME from Information_schema.SCHEMATA where SCHEMA_NAME LIKE 'lbemi%' ORDER BY SCHEMA_NAME='lbemi' DESC,SCHEMA_NAME limit 1

2022/09/26 17:49:21 /Users/lei/tmp/lbemi/server/pkg/bootstrap/db.go:69
[38.117ms] [rows:-] SELECT count(*) FROM information_schema.tables WHERE table_schema = 'lbemi' AND table_name = 'menus' AND table_type = 'BASE TABLE'

2022/09/26 17:49:21 /Users/lei/tmp/lbemi/server/pkg/bootstrap/db.go:69
[91.773ms] [rows:0] CREATE TABLE `menus` (`id` bigint AUTO_INCREMENT,`created_at` datetime NOT NULL,`updated_at` datetime NOT NULL,`status` tinyint(1) NOT NULL DEFAULT 1 COMMENT '状态(1:启用 2:不启用)',`memo` varchar(128) COMMENT '备注',`parent_id` bigint NOT NULL COMMENT '父级ID',`url` varchar(128) COMMENT '菜单URL',`name` varchar(128) NOT NULL COMMENT '菜单名称',`sequence` bigint NOT NULL COMMENT '排序值',`menu_type` tinyint(1) NOT NULL COMMENT '菜单类型(1 左侧菜单,2 按钮, 3 非展示权限)',`icon` varchar(32) COMMENT 'icon图标',`method` varchar(32) NOT NULL DEFAULT 'none' COMMENT '操作类型 none/GET/POST/PUT/DELETE',PRIMARY KEY (`id`))

2022/09/26 17:49:21 /Users/lei/go/pkg/mod/gorm.io/driver/mysql@v1.3.6/migrator.go:250
[16.410ms] [rows:-] SELECT DATABASE()

2022/09/26 17:49:21 /Users/lei/go/pkg/mod/gorm.io/driver/mysql@v1.3.6/migrator.go:253
[35.163ms] [rows:1] SELECT SCHEMA_NAME from Information_schema.SCHEMATA where SCHEMA_NAME LIKE 'lbemi%' ORDER BY SCHEMA_NAME='lbemi' DESC,SCHEMA_NAME limit 1

2022/09/26 17:49:21 /Users/lei/tmp/lbemi/server/pkg/bootstrap/db.go:69
[35.793ms] [rows:-] SELECT count(*) FROM information_schema.tables WHERE table_schema = 'lbemi' AND table_name = 'users' AND table_type = 'BASE TABLE'

2022/09/26 17:49:21 /Users/lei/tmp/lbemi/server/pkg/bootstrap/db.go:69
[89.256ms] [rows:0] CREATE TABLE `users` (`id` bigint AUTO_INCREMENT,`created_at` datetime NOT NULL,`updated_at` datetime NOT NULL,`user_name` varchar(32) NOT NULL,`real_name` varchar(32),`password` char(128) NOT NULL,`email` varchar(64),`mobile` char(20),`status` tinyint(1) NOT NULL DEFAULT 1,PRIMARY KEY (`id`))

2022/09/26 17:49:22 /Users/lei/go/pkg/mod/gorm.io/driver/mysql@v1.3.6/migrator.go:250
[16.027ms] [rows:-] SELECT DATABASE()

2022/09/26 17:49:22 /Users/lei/go/pkg/mod/gorm.io/driver/mysql@v1.3.6/migrator.go:253
[31.266ms] [rows:1] SELECT SCHEMA_NAME from Information_schema.SCHEMATA where SCHEMA_NAME LIKE 'lbemi%' ORDER BY SCHEMA_NAME='lbemi' DESC,SCHEMA_NAME limit 1

2022/09/26 17:49:22 /Users/lei/tmp/lbemi/server/pkg/bootstrap/db.go:69
[53.968ms] [rows:-] SELECT count(*) FROM information_schema.tables WHERE table_schema = 'lbemi' AND table_name = 'roles' AND table_type = 'BASE TABLE'

2022/09/26 17:49:22 /Users/lei/tmp/lbemi/server/pkg/bootstrap/db.go:69
[80.678ms] [rows:0] CREATE TABLE `roles` (`id` bigint AUTO_INCREMENT,`created_at` datetime NOT NULL,`updated_at` datetime NOT NULL,`memo` varchar(128) COMMENT '备注',`name` varchar(128) NOT NULL COMMENT '名称',`sequence` bigint NOT NULL COMMENT '排序值',`parent_id` bigint NOT NULL COMMENT '父级ID',`status` tinyint NOT NULL DEFAULT 1 COMMENT '状态：0 表示禁用，1 表示启用',PRIMARY KEY (`id`))

2022/09/26 17:49:22 /Users/lei/go/pkg/mod/gorm.io/driver/mysql@v1.3.6/migrator.go:250
[31.485ms] [rows:-] SELECT DATABASE()

2022/09/26 17:49:22 /Users/lei/go/pkg/mod/gorm.io/driver/mysql@v1.3.6/migrator.go:253
[34.116ms] [rows:1] SELECT SCHEMA_NAME from Information_schema.SCHEMATA where SCHEMA_NAME LIKE 'lbemi%' ORDER BY SCHEMA_NAME='lbemi' DESC,SCHEMA_NAME limit 1

2022/09/26 17:49:22 /Users/lei/tmp/lbemi/server/pkg/bootstrap/db.go:69
[33.949ms] [rows:-] SELECT count(*) FROM information_schema.tables WHERE table_schema = 'lbemi' AND table_name = 'role_menus' AND table_type = 'BASE TABLE'

2022/09/26 17:49:22 /Users/lei/tmp/lbemi/server/pkg/bootstrap/db.go:69
[117.901ms] [rows:0] CREATE TABLE `role_menus` (`id` bigint AUTO_INCREMENT,`created_at` datetime NOT NULL,`updated_at` datetime NOT NULL,`role_id` bigint NOT NULL COMMENT '角色ID',`menu_id` bigint NOT NULL COMMENT '菜单ID',PRIMARY KEY (`id`))

2022/09/26 17:49:22 /Users/lei/go/pkg/mod/gorm.io/driver/mysql@v1.3.6/migrator.go:250
[35.974ms] [rows:-] SELECT DATABASE()

2022/09/26 17:49:22 /Users/lei/go/pkg/mod/gorm.io/driver/mysql@v1.3.6/migrator.go:253 SLOW SQL >= 200ms
[237.414ms] [rows:1] SELECT SCHEMA_NAME from Information_schema.SCHEMATA where SCHEMA_NAME LIKE 'lbemi%' ORDER BY SCHEMA_NAME='lbemi' DESC,SCHEMA_NAME limit 1

2022/09/26 17:49:22 /Users/lei/tmp/lbemi/server/pkg/bootstrap/db.go:69
[46.128ms] [rows:-] SELECT count(*) FROM information_schema.tables WHERE table_schema = 'lbemi' AND table_name = 'user_roles' AND table_type = 'BASE TABLE'

2022/09/26 17:49:22 /Users/lei/tmp/lbemi/server/pkg/bootstrap/db.go:69
[60.193ms] [rows:0] CREATE TABLE `user_roles` (`id` bigint AUTO_INCREMENT,`created_at` datetime NOT NULL,`updated_at` datetime NOT NULL,`user_id` bigint NOT NULL COMMENT '管理员ID',`role_id` bigint NOT NULL COMMENT '角色ID',PRIMARY KEY (`id`))

2022/09/26 17:49:22 /Users/lei/go/pkg/mod/gorm.io/driver/mysql@v1.3.6/migrator.go:250
[16.887ms] [rows:-] SELECT DATABASE()

2022/09/26 17:49:22 /Users/lei/go/pkg/mod/gorm.io/driver/mysql@v1.3.6/migrator.go:253
[34.253ms] [rows:1] SELECT SCHEMA_NAME from Information_schema.SCHEMATA where SCHEMA_NAME LIKE 'lbemi%' ORDER BY SCHEMA_NAME='lbemi' DESC,SCHEMA_NAME limit 1

2022/09/26 17:49:22 /Users/lei/go/pkg/mod/github.com/casbin/gorm-adapter/v3@v3.10.0/adapter.go:392
[50.225ms] [rows:-] SELECT count(*) FROM information_schema.tables WHERE table_schema = 'lbemi' AND table_name = 'casbin_rule' AND table_type = 'BASE TABLE'

2022/09/26 17:49:22 /Users/lei/go/pkg/mod/github.com/casbin/gorm-adapter/v3@v3.10.0/adapter.go:392
[65.379ms] [rows:0] CREATE TABLE `casbin_rule` (`id` bigint unsigned AUTO_INCREMENT,`ptype` varchar(100),`v0` varchar(100),`v1` varchar(100),`v2` varchar(100),PRIMARY KEY (`id`))

2022/09/26 17:49:23 /Users/lei/go/pkg/mod/github.com/casbin/gorm-adapter/v3@v3.10.0/adapter.go:445
[99.478ms] [rows:0] SELECT * FROM `casbin_rule` ORDER BY ID

2022/09/26 17:49:23 /Users/lei/go/pkg/mod/github.com/casbin/gorm-adapter/v3@v3.10.0/adapter.go:445
[21.166ms] [rows:0] SELECT * FROM `casbin_rule` ORDER BY ID

2022/09/26 18:09:07 /Users/lei/go/pkg/mod/gorm.io/driver/mysql@v1.3.6/migrator.go:250
[12.195ms] [rows:-] SELECT DATABASE()

2022/09/26 18:09:07 /Users/lei/go/pkg/mod/gorm.io/driver/mysql@v1.3.6/migrator.go:253
[28.167ms] [rows:1] SELECT SCHEMA_NAME from Information_schema.SCHEMATA where SCHEMA_NAME LIKE 'lbemi%' ORDER BY SCHEMA_NAME='lbemi' DESC,SCHEMA_NAME limit 1

2022/09/26 18:09:07 /Users/lei/tmp/lbemi/server/pkg/bootstrap/db.go:69
[28.487ms] [rows:-] SELECT count(*) FROM information_schema.tables WHERE table_schema = 'lbemi' AND table_name = 'menus' AND table_type = 'BASE TABLE'

2022/09/26 18:09:07 /Users/lei/tmp/lbemi/server/pkg/bootstrap/db.go:69
[95.737ms] [rows:0] CREATE TABLE `menus` (`id` bigint AUTO_INCREMENT,`created_at` datetime NOT NULL,`updated_at` datetime NOT NULL,`status` tinyint(1) NOT NULL DEFAULT 1 COMMENT '状态(1:启用 2:不启用)',`memo` varchar(128) COMMENT '备注',`parent_id` bigint NOT NULL COMMENT '父级ID',`url` varchar(128) COMMENT '菜单URL',`name` varchar(128) NOT NULL COMMENT '菜单名称',`sequence` bigint NOT NULL COMMENT '排序值',`menu_type` tinyint(1) NOT NULL COMMENT '菜单类型(1 左侧菜单,2 按钮, 3 非展示权限)',`icon` varchar(32) COMMENT 'icon图标',`method` varchar(32) NOT NULL DEFAULT 'none' COMMENT '操作类型 none/GET/POST/PUT/DELETE',PRIMARY KEY (`id`))

2022/09/26 18:09:07 /Users/lei/go/pkg/mod/gorm.io/driver/mysql@v1.3.6/migrator.go:250
[11.987ms] [rows:-] SELECT DATABASE()

2022/09/26 18:09:07 /Users/lei/go/pkg/mod/gorm.io/driver/mysql@v1.3.6/migrator.go:253
[28.059ms] [rows:1] SELECT SCHEMA_NAME from Information_schema.SCHEMATA where SCHEMA_NAME LIKE 'lbemi%' ORDER BY SCHEMA_NAME='lbemi' DESC,SCHEMA_NAME limit 1

2022/09/26 18:09:07 /Users/lei/tmp/lbemi/server/pkg/bootstrap/db.go:69
[27.453ms] [rows:-] SELECT count(*) FROM information_schema.tables WHERE table_schema = 'lbemi' AND table_name = 'users' AND table_type = 'BASE TABLE'

2022/09/26 18:09:07 /Users/lei/tmp/lbemi/server/pkg/bootstrap/db.go:69
[61.708ms] [rows:0] CREATE TABLE `users` (`id` bigint AUTO_INCREMENT,`created_at` datetime NOT NULL,`updated_at` datetime NOT NULL,`user_name` varchar(32) NOT NULL,`real_name` varchar(32),`password` char(128) NOT NULL,`email` varchar(64),`mobile` char(20),`status` tinyint(1) NOT NULL DEFAULT 1,PRIMARY KEY (`id`))

2022/09/26 18:09:07 /Users/lei/go/pkg/mod/gorm.io/driver/mysql@v1.3.6/migrator.go:250
[13.635ms] [rows:-] SELECT DATABASE()

2022/09/26 18:09:07 /Users/lei/go/pkg/mod/gorm.io/driver/mysql@v1.3.6/migrator.go:253
[28.037ms] [rows:1] SELECT SCHEMA_NAME from Information_schema.SCHEMATA where SCHEMA_NAME LIKE 'lbemi%' ORDER BY SCHEMA_NAME='lbemi' DESC,SCHEMA_NAME limit 1

2022/09/26 18:09:07 /Users/lei/tmp/lbemi/server/pkg/bootstrap/db.go:69
[26.799ms] [rows:-] SELECT count(*) FROM information_schema.tables WHERE table_schema = 'lbemi' AND table_name = 'roles' AND table_type = 'BASE TABLE'

2022/09/26 18:09:07 /Users/lei/tmp/lbemi/server/pkg/bootstrap/db.go:69
[64.890ms] [rows:0] CREATE TABLE `roles` (`id` bigint AUTO_INCREMENT,`created_at` datetime NOT NULL,`updated_at` datetime NOT NULL,`memo` varchar(128) COMMENT '备注',`name` varchar(128) NOT NULL COMMENT '名称',`sequence` bigint NOT NULL COMMENT '排序值',`parent_id` bigint NOT NULL COMMENT '父级ID',`status` tinyint NOT NULL DEFAULT 1 COMMENT '状态：0 表示禁用，1 表示启用',PRIMARY KEY (`id`))

2022/09/26 18:09:07 /Users/lei/go/pkg/mod/gorm.io/driver/mysql@v1.3.6/migrator.go:250
[13.765ms] [rows:-] SELECT DATABASE()

2022/09/26 18:09:07 /Users/lei/go/pkg/mod/gorm.io/driver/mysql@v1.3.6/migrator.go:253
[27.955ms] [rows:1] SELECT SCHEMA_NAME from Information_schema.SCHEMATA where SCHEMA_NAME LIKE 'lbemi%' ORDER BY SCHEMA_NAME='lbemi' DESC,SCHEMA_NAME limit 1

2022/09/26 18:09:07 /Users/lei/tmp/lbemi/server/pkg/bootstrap/db.go:69
[26.980ms] [rows:-] SELECT count(*) FROM information_schema.tables WHERE table_schema = 'lbemi' AND table_name = 'role_menus' AND table_type = 'BASE TABLE'

2022/09/26 18:09:08 /Users/lei/tmp/lbemi/server/pkg/bootstrap/db.go:69
[62.913ms] [rows:0] CREATE TABLE `role_menus` (`id` bigint AUTO_INCREMENT,`created_at` datetime NOT NULL,`updated_at` datetime NOT NULL,`role_id` bigint NOT NULL COMMENT '角色ID',`menu_id` bigint NOT NULL COMMENT '菜单ID',PRIMARY KEY (`id`))

2022/09/26 18:09:08 /Users/lei/go/pkg/mod/gorm.io/driver/mysql@v1.3.6/migrator.go:250
[14.621ms] [rows:-] SELECT DATABASE()

2022/09/26 18:09:08 /Users/lei/go/pkg/mod/gorm.io/driver/mysql@v1.3.6/migrator.go:253
[28.224ms] [rows:1] SELECT SCHEMA_NAME from Information_schema.SCHEMATA where SCHEMA_NAME LIKE 'lbemi%' ORDER BY SCHEMA_NAME='lbemi' DESC,SCHEMA_NAME limit 1

2022/09/26 18:09:08 /Users/lei/tmp/lbemi/server/pkg/bootstrap/db.go:69
[25.923ms] [rows:-] SELECT count(*) FROM information_schema.tables WHERE table_schema = 'lbemi' AND table_name = 'user_roles' AND table_type = 'BASE TABLE'

2022/09/26 18:09:08 /Users/lei/tmp/lbemi/server/pkg/bootstrap/db.go:69
[77.440ms] [rows:0] CREATE TABLE `user_roles` (`id` bigint AUTO_INCREMENT,`created_at` datetime NOT NULL,`updated_at` datetime NOT NULL,`user_id` bigint NOT NULL COMMENT '管理员ID',`role_id` bigint NOT NULL COMMENT '角色ID',PRIMARY KEY (`id`))

2022/09/26 18:09:08 /Users/lei/go/pkg/mod/gorm.io/driver/mysql@v1.3.6/migrator.go:250
[12.371ms] [rows:-] SELECT DATABASE()

2022/09/26 18:09:08 /Users/lei/go/pkg/mod/gorm.io/driver/mysql@v1.3.6/migrator.go:253
[26.078ms] [rows:1] SELECT SCHEMA_NAME from Information_schema.SCHEMATA where SCHEMA_NAME LIKE 'lbemi%' ORDER BY SCHEMA_NAME='lbemi' DESC,SCHEMA_NAME limit 1

2022/09/26 18:09:08 /Users/lei/go/pkg/mod/github.com/casbin/gorm-adapter/v3@v3.10.0/adapter.go:392
[25.769ms] [rows:-] SELECT count(*) FROM information_schema.tables WHERE table_schema = 'lbemi' AND table_name = 'casbin_rule' AND table_type = 'BASE TABLE'

2022/09/26 18:09:08 /Users/lei/go/pkg/mod/github.com/casbin/gorm-adapter/v3@v3.10.0/adapter.go:392
[59.625ms] [rows:0] CREATE TABLE `casbin_rule` (`id` bigint unsigned AUTO_INCREMENT,`ptype` varchar(100),`v0` varchar(100),`v1` varchar(100),`v2` varchar(100),PRIMARY KEY (`id`))

2022/09/26 18:09:08 /Users/lei/go/pkg/mod/github.com/casbin/gorm-adapter/v3@v3.10.0/adapter.go:445
[15.295ms] [rows:0] SELECT * FROM `casbin_rule` ORDER BY ID

2022/09/26 18:09:08 /Users/lei/go/pkg/mod/github.com/casbin/gorm-adapter/v3@v3.10.0/adapter.go:445
[13.432ms] [rows:0] SELECT * FROM `casbin_rule` ORDER BY ID

2022/09/26 18:09:23 /Users/lei/tmp/lbemi/server/pkg/services/user.go:24
[25.982ms] [rows:0] SELECT * FROM `users` WHERE user_name = 'admin' ORDER BY `users`.`id` LIMIT 1

2022/09/26 18:09:23 /Users/lei/tmp/lbemi/server/pkg/services/user.go:35
[60.424ms] [rows:1] INSERT INTO `users` (`created_at`,`updated_at`,`user_name`,`real_name`,`password`,`email`,`mobile`,`status`,`id`) VALUES ('2022-09-26 18:09:23.125','2022-09-26 18:09:23.125','admin','','$2a$04$iTjnufbazk/RQrvYEDH/y.7NxXXpOMWM8BgsezDp2Gnqm/pjp6xJC','admin@admin.com','13338120030',1,1574340346639290368)

2022/09/27 11:02:01 /Users/lei/go/pkg/mod/gorm.io/driver/mysql@v1.3.6/migrator.go:250
[10.290ms] [rows:-] SELECT DATABASE()

2022/09/27 11:02:01 /Users/lei/go/pkg/mod/gorm.io/driver/mysql@v1.3.6/migrator.go:253
[21.239ms] [rows:1] SELECT SCHEMA_NAME from Information_schema.SCHEMATA where SCHEMA_NAME LIKE 'lbemi%' ORDER BY SCHEMA_NAME='lbemi' DESC,SCHEMA_NAME limit 1

2022/09/27 11:02:01 /Users/lei/tmp/lbemi/server/pkg/bootstrap/db.go:69
[22.445ms] [rows:-] SELECT count(*) FROM information_schema.tables WHERE table_schema = 'lbemi' AND table_name = 'menus' AND table_type = 'BASE TABLE'

2022/09/27 11:02:01 /Users/lei/go/pkg/mod/gorm.io/driver/mysql@v1.3.6/migrator.go:250
[10.136ms] [rows:-] SELECT DATABASE()

2022/09/27 11:02:01 /Users/lei/go/pkg/mod/gorm.io/driver/mysql@v1.3.6/migrator.go:253
[21.925ms] [rows:1] SELECT SCHEMA_NAME from Information_schema.SCHEMATA where SCHEMA_NAME LIKE 'lbemi%' ORDER BY SCHEMA_NAME='lbemi' DESC,SCHEMA_NAME limit 1

2022/09/27 11:02:01 /Users/lei/go/pkg/mod/gorm.io/driver/mysql@v1.3.6/migrator.go:163
[12.925ms] [rows:-] SELECT * FROM `menus` LIMIT 1

2022/09/27 11:02:01 /Users/lei/go/pkg/mod/gorm.io/driver/mysql@v1.3.6/migrator.go:181
[21.787ms] [rows:-] SELECT column_name, column_default, is_nullable = 'YES', data_type, character_maximum_length, column_type, column_key, extra, column_comment, numeric_precision, numeric_scale FROM information_schema.columns WHERE table_schema = 'lbemi' AND table_name = 'menus' ORDER BY ORDINAL_POSITION

2022/09/27 11:02:01 /Users/lei/go/pkg/mod/gorm.io/driver/mysql@v1.3.6/migrator.go:250
[10.623ms] [rows:-] SELECT DATABASE()

2022/09/27 11:02:01 /Users/lei/go/pkg/mod/gorm.io/driver/mysql@v1.3.6/migrator.go:253
[20.532ms] [rows:1] SELECT SCHEMA_NAME from Information_schema.SCHEMATA where SCHEMA_NAME LIKE 'lbemi%' ORDER BY SCHEMA_NAME='lbemi' DESC,SCHEMA_NAME limit 1

2022/09/27 11:02:01 /Users/lei/tmp/lbemi/server/pkg/bootstrap/db.go:69
[23.693ms] [rows:-] SELECT count(*) FROM information_schema.tables WHERE table_schema = 'lbemi' AND table_name = 'users' AND table_type = 'BASE TABLE'

2022/09/27 11:02:01 /Users/lei/go/pkg/mod/gorm.io/driver/mysql@v1.3.6/migrator.go:250
[9.499ms] [rows:-] SELECT DATABASE()

2022/09/27 11:02:01 /Users/lei/go/pkg/mod/gorm.io/driver/mysql@v1.3.6/migrator.go:253
[21.736ms] [rows:1] SELECT SCHEMA_NAME from Information_schema.SCHEMATA where SCHEMA_NAME LIKE 'lbemi%' ORDER BY SCHEMA_NAME='lbemi' DESC,SCHEMA_NAME limit 1

2022/09/27 11:02:01 /Users/lei/go/pkg/mod/gorm.io/driver/mysql@v1.3.6/migrator.go:163
[11.298ms] [rows:-] SELECT * FROM `users` LIMIT 1

2022/09/27 11:02:01 /Users/lei/go/pkg/mod/gorm.io/driver/mysql@v1.3.6/migrator.go:181
[22.820ms] [rows:-] SELECT column_name, column_default, is_nullable = 'YES', data_type, character_maximum_length, column_type, column_key, extra, column_comment, numeric_precision, numeric_scale FROM information_schema.columns WHERE table_schema = 'lbemi' AND table_name = 'users' ORDER BY ORDINAL_POSITION

2022/09/27 11:02:01 /Users/lei/go/pkg/mod/gorm.io/driver/mysql@v1.3.6/migrator.go:250
[11.197ms] [rows:-] SELECT DATABASE()

2022/09/27 11:02:01 /Users/lei/go/pkg/mod/gorm.io/driver/mysql@v1.3.6/migrator.go:253
[23.357ms] [rows:1] SELECT SCHEMA_NAME from Information_schema.SCHEMATA where SCHEMA_NAME LIKE 'lbemi%' ORDER BY SCHEMA_NAME='lbemi' DESC,SCHEMA_NAME limit 1

2022/09/27 11:02:01 /Users/lei/tmp/lbemi/server/pkg/bootstrap/db.go:69
[23.489ms] [rows:-] SELECT count(*) FROM information_schema.tables WHERE table_schema = 'lbemi' AND table_name = 'roles' AND table_type = 'BASE TABLE'

2022/09/27 11:02:01 /Users/lei/go/pkg/mod/gorm.io/driver/mysql@v1.3.6/migrator.go:250
[9.309ms] [rows:-] SELECT DATABASE()

2022/09/27 11:02:01 /Users/lei/go/pkg/mod/gorm.io/driver/mysql@v1.3.6/migrator.go:253
[25.235ms] [rows:1] SELECT SCHEMA_NAME from Information_schema.SCHEMATA where SCHEMA_NAME LIKE 'lbemi%' ORDER BY SCHEMA_NAME='lbemi' DESC,SCHEMA_NAME limit 1

2022/09/27 11:02:01 /Users/lei/go/pkg/mod/gorm.io/driver/mysql@v1.3.6/migrator.go:163
[12.423ms] [rows:-] SELECT * FROM `roles` LIMIT 1

2022/09/27 11:02:01 /Users/lei/go/pkg/mod/gorm.io/driver/mysql@v1.3.6/migrator.go:181
[25.547ms] [rows:-] SELECT column_name, column_default, is_nullable = 'YES', data_type, character_maximum_length, column_type, column_key, extra, column_comment, numeric_precision, numeric_scale FROM information_schema.columns WHERE table_schema = 'lbemi' AND table_name = 'roles' ORDER BY ORDINAL_POSITION

2022/09/27 11:02:01 /Users/lei/go/pkg/mod/gorm.io/driver/mysql@v1.3.6/migrator.go:250
[10.220ms] [rows:-] SELECT DATABASE()

2022/09/27 11:02:01 /Users/lei/go/pkg/mod/gorm.io/driver/mysql@v1.3.6/migrator.go:253
[21.608ms] [rows:1] SELECT SCHEMA_NAME from Information_schema.SCHEMATA where SCHEMA_NAME LIKE 'lbemi%' ORDER BY SCHEMA_NAME='lbemi' DESC,SCHEMA_NAME limit 1

2022/09/27 11:02:01 /Users/lei/tmp/lbemi/server/pkg/bootstrap/db.go:69
[22.829ms] [rows:-] SELECT count(*) FROM information_schema.tables WHERE table_schema = 'lbemi' AND table_name = 'role_menus' AND table_type = 'BASE TABLE'

2022/09/27 11:02:01 /Users/lei/go/pkg/mod/gorm.io/driver/mysql@v1.3.6/migrator.go:250
[10.984ms] [rows:-] SELECT DATABASE()

2022/09/27 11:02:01 /Users/lei/go/pkg/mod/gorm.io/driver/mysql@v1.3.6/migrator.go:253
[22.226ms] [rows:1] SELECT SCHEMA_NAME from Information_schema.SCHEMATA where SCHEMA_NAME LIKE 'lbemi%' ORDER BY SCHEMA_NAME='lbemi' DESC,SCHEMA_NAME limit 1

2022/09/27 11:02:01 /Users/lei/go/pkg/mod/gorm.io/driver/mysql@v1.3.6/migrator.go:163
[11.403ms] [rows:-] SELECT * FROM `role_menus` LIMIT 1

2022/09/27 11:02:01 /Users/lei/go/pkg/mod/gorm.io/driver/mysql@v1.3.6/migrator.go:181
[21.889ms] [rows:-] SELECT column_name, column_default, is_nullable = 'YES', data_type, character_maximum_length, column_type, column_key, extra, column_comment, numeric_precision, numeric_scale FROM information_schema.columns WHERE table_schema = 'lbemi' AND table_name = 'role_menus' ORDER BY ORDINAL_POSITION

2022/09/27 11:02:01 /Users/lei/go/pkg/mod/gorm.io/driver/mysql@v1.3.6/migrator.go:250
[10.991ms] [rows:-] SELECT DATABASE()

2022/09/27 11:02:01 /Users/lei/go/pkg/mod/gorm.io/driver/mysql@v1.3.6/migrator.go:253
[22.183ms] [rows:1] SELECT SCHEMA_NAME from Information_schema.SCHEMATA where SCHEMA_NAME LIKE 'lbemi%' ORDER BY SCHEMA_NAME='lbemi' DESC,SCHEMA_NAME limit 1

2022/09/27 11:02:01 /Users/lei/tmp/lbemi/server/pkg/bootstrap/db.go:69
[22.164ms] [rows:-] SELECT count(*) FROM information_schema.tables WHERE table_schema = 'lbemi' AND table_name = 'user_roles' AND table_type = 'BASE TABLE'

2022/09/27 11:02:02 /Users/lei/go/pkg/mod/gorm.io/driver/mysql@v1.3.6/migrator.go:250
[9.262ms] [rows:-] SELECT DATABASE()

2022/09/27 11:02:02 /Users/lei/go/pkg/mod/gorm.io/driver/mysql@v1.3.6/migrator.go:253
[23.382ms] [rows:1] SELECT SCHEMA_NAME from Information_schema.SCHEMATA where SCHEMA_NAME LIKE 'lbemi%' ORDER BY SCHEMA_NAME='lbemi' DESC,SCHEMA_NAME limit 1

2022/09/27 11:02:02 /Users/lei/go/pkg/mod/gorm.io/driver/mysql@v1.3.6/migrator.go:163
[10.615ms] [rows:-] SELECT * FROM `user_roles` LIMIT 1

2022/09/27 11:02:02 /Users/lei/go/pkg/mod/gorm.io/driver/mysql@v1.3.6/migrator.go:181
[23.997ms] [rows:-] SELECT column_name, column_default, is_nullable = 'YES', data_type, character_maximum_length, column_type, column_key, extra, column_comment, numeric_precision, numeric_scale FROM information_schema.columns WHERE table_schema = 'lbemi' AND table_name = 'user_roles' ORDER BY ORDINAL_POSITION

2022/09/27 11:02:02 /Users/lei/go/pkg/mod/gorm.io/driver/mysql@v1.3.6/migrator.go:250
[10.678ms] [rows:-] SELECT DATABASE()

2022/09/27 11:02:02 /Users/lei/go/pkg/mod/gorm.io/driver/mysql@v1.3.6/migrator.go:253
[20.789ms] [rows:1] SELECT SCHEMA_NAME from Information_schema.SCHEMATA where SCHEMA_NAME LIKE 'lbemi%' ORDER BY SCHEMA_NAME='lbemi' DESC,SCHEMA_NAME limit 1

2022/09/27 11:02:02 /Users/lei/go/pkg/mod/github.com/casbin/gorm-adapter/v3@v3.10.0/adapter.go:392
[23.431ms] [rows:-] SELECT count(*) FROM information_schema.tables WHERE table_schema = 'lbemi' AND table_name = 'casbin_rule' AND table_type = 'BASE TABLE'

2022/09/27 11:02:02 /Users/lei/go/pkg/mod/gorm.io/driver/mysql@v1.3.6/migrator.go:250
[11.332ms] [rows:-] SELECT DATABASE()

2022/09/27 11:02:02 /Users/lei/go/pkg/mod/gorm.io/driver/mysql@v1.3.6/migrator.go:253
[20.288ms] [rows:1] SELECT SCHEMA_NAME from Information_schema.SCHEMATA where SCHEMA_NAME LIKE 'lbemi%' ORDER BY SCHEMA_NAME='lbemi' DESC,SCHEMA_NAME limit 1

2022/09/27 11:02:02 /Users/lei/go/pkg/mod/gorm.io/driver/mysql@v1.3.6/migrator.go:163
[10.569ms] [rows:-] SELECT * FROM `casbin_rule` LIMIT 1

2022/09/27 11:02:02 /Users/lei/go/pkg/mod/gorm.io/driver/mysql@v1.3.6/migrator.go:181
[21.780ms] [rows:-] SELECT column_name, column_default, is_nullable = 'YES', data_type, character_maximum_length, column_type, column_key, extra, column_comment, numeric_precision, numeric_scale FROM information_schema.columns WHERE table_schema = 'lbemi' AND table_name = 'casbin_rule' ORDER BY ORDINAL_POSITION

2022/09/27 11:02:02 /Users/lei/go/pkg/mod/github.com/casbin/gorm-adapter/v3@v3.10.0/adapter.go:445
[11.532ms] [rows:0] SELECT * FROM `casbin_rule` ORDER BY ID

2022/09/27 11:02:02 /Users/lei/go/pkg/mod/github.com/casbin/gorm-adapter/v3@v3.10.0/adapter.go:445
[10.558ms] [rows:0] SELECT * FROM `casbin_rule` ORDER BY ID
